
> pmfby-frontend@1.0.0 dev
> vite


  VITE v5.4.21  ready in 730 ms

  ➜  Local:   http://localhost:3000/
  ➜  Network: use --host to expose
3:27:33 PM [vite] hmr update /src/pages/Login.jsx
3:27:33 PM [vite] hmr update /src/pages/Login.jsx
3:27:41 PM [vite] hmr update /src/pages/Login.jsx
3:27:53 PM [vite] hmr update /src/pages/Login.jsx
3:28:10 PM [vite] hmr update /src/pages/Login.jsx
3:30:16 PM [vite] hmr update /src/index.css
3:30:38 PM [vite] hmr update /src/pages/Login.jsx
3:32:36 PM [vite] hmr update /src/pages/Login.jsx
3:32:52 PM [vite] hmr update /src/pages/Login.jsx
3:33:00 PM [vite] hmr update /src/pages/Login.jsx
3:33:11 PM [vite] hmr update /src/pages/Profile.jsx
3:33:23 PM [vite] hmr update /src/pages/Profile.jsx
3:33:39 PM [vite] hmr update /src/pages/AdminDashboard.jsx
3:35:28 PM [vite] hmr update /src/pages/Login.jsx
3:44:21 PM [vite] hmr update /src/pages/Upload.jsx
3:44:28 PM [vite] hmr update /src/pages/Upload.jsx
3:44:52 PM [vite] hmr update /src/pages/Upload.jsx
3:45:22 PM [vite] hmr update /src/pages/Upload.jsx
3:45:41 PM [vite] hmr update /src/pages/Upload.jsx
3:45:52 PM [vite] hmr update /src/pages/Upload.jsx
3:46:02 PM [vite] hmr update /src/pages/Upload.jsx
3:46:11 PM [vite] hmr update /src/pages/Upload.jsx
3:46:26 PM [vite] hmr update /src/pages/Claims.jsx
3:46:52 PM [vite] hmr update /src/pages/Register.jsx
3:46:58 PM [vite] hmr update /src/pages/Register.jsx
3:47:05 PM [vite] hmr update /src/pages/Register.jsx
3:47:14 PM [vite] hmr update /src/pages/Register.jsx
3:52:18 PM [vite] hmr update /src/pages/Upload.jsx
3:52:27 PM [vite] hmr update /src/pages/Upload.jsx
3:52:38 PM [vite] hmr update /src/pages/Upload.jsx
3:52:48 PM [vite] hmr update /src/pages/Upload.jsx
3:53:11 PM [vite] hmr update /src/pages/Upload.jsx
3:53:17 PM [vite] hmr update /src/pages/Upload.jsx
3:53:23 PM [vite] hmr update /src/pages/Upload.jsx
3:53:41 PM [vite] hmr update /src/pages/Upload.jsx
3:56:33 PM [vite] hmr update /src/pages/Upload.jsx
3:56:39 PM [vite] hmr update /src/pages/Upload.jsx
3:56:48 PM [vite] hmr update /src/pages/Upload.jsx
3:57:05 PM [vite] hmr update /src/pages/Upload.jsx
3:57:11 PM [vite] hmr update /src/pages/Upload.jsx
3:57:20 PM [vite] hmr update /src/pages/Upload.jsx
3:57:26 PM [vite] hmr update /src/pages/Upload.jsx
3:57:55 PM [vite] hmr update /src/pages/Upload.jsx
3:58:27 PM [vite] hmr update /src/pages/Upload.jsx
3:58:38 PM [vite] hmr update /src/pages/Upload.jsx
3:59:15 PM [vite] hmr update /src/index.css
4:04:18 PM [vite] hmr update /src/pages/Login.jsx, /src/pages/Claims.jsx, /src/pages/Register.jsx, /src/pages/Home.jsx, /src/pages/Lands.jsx, /src/pages/KeralaStats.jsx, /src/pages/Profile.jsx, /src/pages/Upload.jsx, /src/pages/AdminDashboard.jsx
4:04:51 PM [vite] hmr update /src/pages/AdminDashboard.jsx
4:05:01 PM [vite] hmr update /src/pages/AdminDashboard.jsx
4:05:09 PM [vite] hmr update /src/pages/AdminDashboard.jsx
4:05:16 PM [vite] hmr update /src/pages/AdminDashboard.jsx
4:06:04 PM [vite] hmr update /src/pages/AdminDashboard.jsx
4:06:11 PM [vite] hmr update /src/pages/Upload.jsx
4:06:19 PM [vite] hmr update /src/pages/Upload.jsx
4:06:27 PM [vite] hmr update /src/pages/Upload.jsx
4:06:34 PM [vite] hmr update /src/pages/Upload.jsx
4:06:39 PM [vite] hmr update /src/pages/Upload.jsx
4:16:12 PM [vite] hmr update /src/pages/AdminDashboard.jsx
4:16:22 PM [vite] hmr update /src/pages/AdminDashboard.jsx
4:22:54 PM [vite] hmr update /src/pages/Home.jsx
4:23:06 PM [vite] hmr update /src/pages/Home.jsx
4:23:44 PM [vite] hmr update /src/pages/Home.jsx
4:26:56 PM [vite] hmr update /src/pages/Upload.jsx
4:33:06 PM [vite] hmr update /src/pages/Claims.jsx
4:35:54 PM [vite] hmr update /src/pages/Claims.jsx
4:37:48 PM [vite] hmr update /src/pages/Claims.jsx
4:37:58 PM [vite] hmr update /src/pages/Claims.jsx
4:38:17 PM [vite] hmr update /src/pages/Claims.jsx
4:40:20 PM [vite] hmr update /src/index.css
4:42:02 PM [vite] hmr update /src/pages/KeralaStats.jsx
4:43:00 PM [vite] hmr update /src/pages/KeralaStats.jsx
4:46:35 PM [vite] hmr update /src/pages/Login.jsx, /src/pages/Claims.jsx, /src/pages/Register.jsx, /src/pages/Home.jsx, /src/pages/Lands.jsx, /src/pages/KeralaStats.jsx, /src/pages/Profile.jsx, /src/pages/Upload.jsx, /src/pages/AdminDashboard.jsx
5:18:44 PM [vite] hmr update /src/pages/AdminDashboard.jsx
5:27:00 PM [vite] hmr update /src/pages/Register.jsx
5:27:08 PM [vite] hmr update /src/pages/Register.jsx
5:27:17 PM [vite] hmr update /src/pages/Register.jsx
5:27:25 PM [vite] hmr update /src/pages/Register.jsx
5:27:33 PM [vite] hmr update /src/pages/Register.jsx
5:27:57 PM [vite] hmr update /src/pages/Register.jsx
5:47:58 PM [vite] hmr update /src/index.css
5:48:11 PM [vite] hmr update /src/index.css
5:48:35 PM [vite] hmr update /src/pages/Claims.jsx
5:49:03 PM [vite] hmr update /src/index.css
5:49:12 PM [vite] hmr update /src/index.css
5:49:41 PM [vite] page reload index.html
5:49:53 PM [vite] page reload index.html
5:57:08 PM [vite] hmr update /src/pages/Lands.jsx
5:57:09 PM [vite] ✨ new dependencies optimized: react-leaflet, leaflet
5:57:09 PM [vite] ✨ optimized dependencies changed. reloading
5:57:46 PM [vite] hmr update /src/pages/Home.jsx
5:58:12 PM [vite] hmr update /src/pages/Home.jsx
6:01:21 PM [vite] hmr update /src/pages/Lands.jsx
6:02:41 PM [vite] hmr update /src/pages/KeralaStats.jsx
6:02:54 PM [vite] hmr update /src/pages/KeralaStats.jsx
6:03:30 PM [vite] hmr update /src/pages/KeralaStats.jsx
6:06:28 PM [vite] hmr update /src/pages/Lands.jsx
6:09:06 PM [vite] hmr update /src/pages/Lands.jsx
6:09:16 PM [vite] hmr update /src/pages/Lands.jsx
6:09:25 PM [vite] hmr update /src/pages/Lands.jsx
6:09:49 PM [vite] hmr update /src/pages/Lands.jsx
6:10:25 PM [vite] hmr update /src/pages/KeralaStats.jsx
6:13:04 PM [vite] hmr update /src/pages/Lands.jsx
6:13:13 PM [vite] hmr update /src/pages/Lands.jsx
6:13:27 PM [vite] hmr update /src/pages/Lands.jsx
6:14:01 PM [vite] hmr update /src/pages/Lands.jsx
6:15:40 PM [vite] hmr update /src/pages/Claims.jsx
6:16:48 PM [vite] hmr update /src/pages/Claims.jsx
6:17:10 PM [vite] hmr update /src/pages/AdminDashboard.jsx
6:17:45 PM [vite] hmr update /src/pages/AdminDashboard.jsx
6:18:24 PM [vite] hmr update /src/pages/AdminDashboard.jsx
6:19:06 PM [vite] page reload src/main.jsx
6:19:23 PM [vite] hmr update /src/pages/AdminDashboard.jsx
6:19:35 PM [vite] hmr update /src/pages/AdminDashboard.jsx
6:19:44 PM [vite] hmr update /src/pages/AdminDashboard.jsx
6:19:51 PM [vite] hmr update /src/pages/AdminDashboard.jsx
6:19:58 PM [vite] hmr update /src/pages/AdminDashboard.jsx
6:20:05 PM [vite] hmr update /src/pages/AdminDashboard.jsx
6:20:11 PM [vite] hmr update /src/pages/AdminDashboard.jsx
6:20:19 PM [vite] hmr update /src/pages/AdminDashboard.jsx
6:20:26 PM [vite] hmr update /src/pages/AdminDashboard.jsx
6:20:33 PM [vite] hmr update /src/pages/AdminDashboard.jsx
6:20:42 PM [vite] hmr update /src/pages/AdminDashboard.jsx
6:20:55 PM [vite] hmr update /src/pages/Upload.jsx
6:21:05 PM [vite] hmr update /src/pages/Upload.jsx
6:21:12 PM [vite] hmr update /src/pages/Upload.jsx
6:21:19 PM [vite] hmr update /src/pages/Upload.jsx
6:21:27 PM [vite] hmr update /src/pages/Upload.jsx
6:21:35 PM [vite] hmr update /src/pages/Upload.jsx
6:23:42 PM [vite] hmr update /src/components/Navbar.jsx
6:23:58 PM [vite] hmr update /src/pages/AdminDashboard.jsx
6:24:12 PM [vite] hmr update /src/components/Navbar.jsx
6:24:30 PM [vite] hmr update /src/components/Navbar.jsx
6:24:37 PM [vite] hmr update /src/components/Navbar.jsx
6:26:24 PM [vite] hmr update /src/App.jsx
6:26:32 PM [vite] hmr update /src/App.jsx
6:27:43 PM [vite] hmr update /src/components/Navbar.jsx
6:27:59 PM [vite] hmr update /src/pages/AdminDashboard.jsx
6:28:15 PM [vite] hmr update /src/pages/AdminDashboard.jsx
6:28:47 PM [vite] hmr update /src/pages/AdminDashboard.jsx
6:30:48 PM [vite] hmr update /src/pages/AdminDashboard.jsx
6:30:56 PM [vite] hmr update /src/pages/AdminDashboard.jsx
6:32:35 PM [vite] hmr update /src/pages/AdminDashboard.jsx
6:32:35 PM [vite] Internal server error: /Users/aromalkm/Downloads/Farmer-Claim-main/frontend/src/pages/AdminDashboard.jsx: Expected corresponding JSX closing tag for <>. (982:8)

  980 |                 </div>
  981 |             )}
> 982 |         </div>
      |         ^
  983 |     );
  984 | }
  985 |
  Plugin: vite:react-babel
  File: /Users/aromalkm/Downloads/Farmer-Claim-main/frontend/src/pages/AdminDashboard.jsx:982:8
  980|                  </div>
  981|              )}
  982|          </div>
     |          ^
  983|      );
  984|  }
      at constructor (/Users/aromalkm/Downloads/Farmer-Claim-main/frontend/node_modules/@babel/parser/lib/index.js:365:19)
      at JSXParserMixin.raise (/Users/aromalkm/Downloads/Farmer-Claim-main/frontend/node_modules/@babel/parser/lib/index.js:6599:19)
      at JSXParserMixin.jsxParseElementAt (/Users/aromalkm/Downloads/Farmer-Claim-main/frontend/node_modules/@babel/parser/lib/index.js:4720:14)
      at JSXParserMixin.jsxParseElement (/Users/aromalkm/Downloads/Farmer-Claim-main/frontend/node_modules/@babel/parser/lib/index.js:4749:17)
      at JSXParserMixin.parseExprAtom (/Users/aromalkm/Downloads/Farmer-Claim-main/frontend/node_modules/@babel/parser/lib/index.js:4759:19)
      at JSXParserMixin.parseExprSubscripts (/Users/aromalkm/Downloads/Farmer-Claim-main/frontend/node_modules/@babel/parser/lib/index.js:11081:23)
      at JSXParserMixin.parseUpdate (/Users/aromalkm/Downloads/Farmer-Claim-main/frontend/node_modules/@babel/parser/lib/index.js:11066:21)
      at JSXParserMixin.parseMaybeUnary (/Users/aromalkm/Downloads/Farmer-Claim-main/frontend/node_modules/@babel/parser/lib/index.js:11046:23)
      at JSXParserMixin.parseMaybeUnaryOrPrivate (/Users/aromalkm/Downloads/Farmer-Claim-main/frontend/node_modules/@babel/parser/lib/index.js:10899:61)
      at JSXParserMixin.parseExprOps (/Users/aromalkm/Downloads/Farmer-Claim-main/frontend/node_modules/@babel/parser/lib/index.js:10904:23)
      at JSXParserMixin.parseMaybeConditional (/Users/aromalkm/Downloads/Farmer-Claim-main/frontend/node_modules/@babel/parser/lib/index.js:10881:23)
      at JSXParserMixin.parseMaybeAssign (/Users/aromalkm/Downloads/Farmer-Claim-main/frontend/node_modules/@babel/parser/lib/index.js:10831:21)
      at /Users/aromalkm/Downloads/Farmer-Claim-main/frontend/node_modules/@babel/parser/lib/index.js:10800:39
      at JSXParserMixin.allowInAnd (/Users/aromalkm/Downloads/Farmer-Claim-main/frontend/node_modules/@babel/parser/lib/index.js:12426:12)
      at JSXParserMixin.parseMaybeAssignAllowIn (/Users/aromalkm/Downloads/Farmer-Claim-main/frontend/node_modules/@babel/parser/lib/index.js:10800:17)
      at JSXParserMixin.parseMaybeAssignAllowInOrVoidPattern (/Users/aromalkm/Downloads/Farmer-Claim-main/frontend/node_modules/@babel/parser/lib/index.js:12493:17)
      at JSXParserMixin.parseParenAndDistinguishExpression (/Users/aromalkm/Downloads/Farmer-Claim-main/frontend/node_modules/@babel/parser/lib/index.js:11675:28)
      at JSXParserMixin.parseExprAtom (/Users/aromalkm/Downloads/Farmer-Claim-main/frontend/node_modules/@babel/parser/lib/index.js:11331:23)
      at JSXParserMixin.parseExprAtom (/Users/aromalkm/Downloads/Farmer-Claim-main/frontend/node_modules/@babel/parser/lib/index.js:4764:20)
      at JSXParserMixin.parseExprSubscripts (/Users/aromalkm/Downloads/Farmer-Claim-main/frontend/node_modules/@babel/parser/lib/index.js:11081:23)
      at JSXParserMixin.parseUpdate (/Users/aromalkm/Downloads/Farmer-Claim-main/frontend/node_modules/@babel/parser/lib/index.js:11066:21)
      at JSXParserMixin.parseMaybeUnary (/Users/aromalkm/Downloads/Farmer-Claim-main/frontend/node_modules/@babel/parser/lib/index.js:11046:23)
      at JSXParserMixin.parseMaybeUnaryOrPrivate (/Users/aromalkm/Downloads/Farmer-Claim-main/frontend/node_modules/@babel/parser/lib/index.js:10899:61)
      at JSXParserMixin.parseExprOpBaseRightExpr (/Users/aromalkm/Downloads/Farmer-Claim-main/frontend/node_modules/@babel/parser/lib/index.js:10986:34)
      at JSXParserMixin.parseExprOpRightExpr (/Users/aromalkm/Downloads/Farmer-Claim-main/frontend/node_modules/@babel/parser/lib/index.js:10981:21)
      at JSXParserMixin.parseExprOp (/Users/aromalkm/Downloads/Farmer-Claim-main/frontend/node_modules/@babel/parser/lib/index.js:10947:27)
      at JSXParserMixin.parseExprOp (/Users/aromalkm/Downloads/Farmer-Claim-main/frontend/node_modules/@babel/parser/lib/index.js:10953:21)
      at JSXParserMixin.parseExprOps (/Users/aromalkm/Downloads/Farmer-Claim-main/frontend/node_modules/@babel/parser/lib/index.js:10908:17)
      at JSXParserMixin.parseMaybeConditional (/Users/aromalkm/Downloads/Farmer-Claim-main/frontend/node_modules/@babel/parser/lib/index.js:10881:23)
      at JSXParserMixin.parseMaybeAssign (/Users/aromalkm/Downloads/Farmer-Claim-main/frontend/node_modules/@babel/parser/lib/index.js:10831:21)
      at JSXParserMixin.parseExpressionBase (/Users/aromalkm/Downloads/Farmer-Claim-main/frontend/node_modules/@babel/parser/lib/index.js:10784:23)
      at /Users/aromalkm/Downloads/Farmer-Claim-main/frontend/node_modules/@babel/parser/lib/index.js:10780:39
      at JSXParserMixin.allowInAnd (/Users/aromalkm/Downloads/Farmer-Claim-main/frontend/node_modules/@babel/parser/lib/index.js:12426:12)
      at JSXParserMixin.parseExpression (/Users/aromalkm/Downloads/Farmer-Claim-main/frontend/node_modules/@babel/parser/lib/index.js:10780:17)
      at JSXParserMixin.jsxParseExpressionContainer (/Users/aromalkm/Downloads/Farmer-Claim-main/frontend/node_modules/@babel/parser/lib/index.js:4632:31)
      at JSXParserMixin.jsxParseElementAt (/Users/aromalkm/Downloads/Farmer-Claim-main/frontend/node_modules/@babel/parser/lib/index.js:4711:36)
      at JSXParserMixin.jsxParseElement (/Users/aromalkm/Downloads/Farmer-Claim-main/frontend/node_modules/@babel/parser/lib/index.js:4749:17)
      at JSXParserMixin.parseExprAtom (/Users/aromalkm/Downloads/Farmer-Claim-main/frontend/node_modules/@babel/parser/lib/index.js:4759:19)
      at JSXParserMixin.parseExprSubscripts (/Users/aromalkm/Downloads/Farmer-Claim-main/frontend/node_modules/@babel/parser/lib/index.js:11081:23)
      at JSXParserMixin.parseUpdate (/Users/aromalkm/Downloads/Farmer-Claim-main/frontend/node_modules/@babel/parser/lib/index.js:11066:21)
      at JSXParserMixin.parseMaybeUnary (/Users/aromalkm/Downloads/Farmer-Claim-main/frontend/node_modules/@babel/parser/lib/index.js:11046:23)
      at JSXParserMixin.parseMaybeUnaryOrPrivate (/Users/aromalkm/Downloads/Farmer-Claim-main/frontend/node_modules/@babel/parser/lib/index.js:10899:61)
      at JSXParserMixin.parseExprOps (/Users/aromalkm/Downloads/Farmer-Claim-main/frontend/node_modules/@babel/parser/lib/index.js:10904:23)
      at JSXParserMixin.parseMaybeConditional (/Users/aromalkm/Downloads/Farmer-Claim-main/frontend/node_modules/@babel/parser/lib/index.js:10881:23)
      at JSXParserMixin.parseMaybeAssign (/Users/aromalkm/Downloads/Farmer-Claim-main/frontend/node_modules/@babel/parser/lib/index.js:10831:21)
      at /Users/aromalkm/Downloads/Farmer-Claim-main/frontend/node_modules/@babel/parser/lib/index.js:10800:39
      at JSXParserMixin.allowInAnd (/Users/aromalkm/Downloads/Farmer-Claim-main/frontend/node_modules/@babel/parser/lib/index.js:12426:12)
      at JSXParserMixin.parseMaybeAssignAllowIn (/Users/aromalkm/Downloads/Farmer-Claim-main/frontend/node_modules/@babel/parser/lib/index.js:10800:17)
      at JSXParserMixin.parseMaybeAssignAllowInOrVoidPattern (/Users/aromalkm/Downloads/Farmer-Claim-main/frontend/node_modules/@babel/parser/lib/index.js:12493:17)
      at JSXParserMixin.parseParenAndDistinguishExpression (/Users/aromalkm/Downloads/Farmer-Claim-main/frontend/node_modules/@babel/parser/lib/index.js:11675:28)
6:32:55 PM [vite] hmr update /src/pages/AdminDashboard.jsx
6:33:10 PM [vite] hmr update /src/components/Navbar.jsx
6:37:10 PM [vite] hmr update /src/context/LanguageContext.jsx
6:37:10 PM [vite] hmr invalidate /src/context/LanguageContext.jsx Could not Fast Refresh ("useLanguage" export is incompatible). Learn more at https://github.com/vitejs/vite-plugin-react/tree/main/packages/plugin-react#consistent-components-exports
6:37:10 PM [vite] page reload src/context/LanguageContext.jsx
6:37:31 PM [vite] hmr update /src/pages/Home.jsx
6:37:39 PM [vite] hmr update /src/pages/Home.jsx
6:37:48 PM [vite] hmr update /src/pages/Home.jsx
6:37:56 PM [vite] hmr update /src/pages/Home.jsx
6:38:03 PM [vite] hmr update /src/pages/Home.jsx
6:38:12 PM [vite] hmr update /src/pages/Home.jsx
6:38:22 PM [vite] hmr update /src/pages/Home.jsx
6:38:38 PM [vite] hmr update /src/pages/Home.jsx
6:38:45 PM [vite] hmr update /src/pages/Home.jsx
6:38:52 PM [vite] hmr update /src/pages/Home.jsx
6:39:00 PM [vite] hmr update /src/pages/Home.jsx
6:39:10 PM [vite] hmr update /src/pages/Home.jsx
6:39:33 PM [vite] hmr update /src/pages/Lands.jsx
6:39:47 PM [vite] hmr update /src/pages/Lands.jsx
6:39:53 PM [vite] hmr update /src/pages/Lands.jsx
6:40:02 PM [vite] hmr update /src/pages/Lands.jsx
6:40:15 PM [vite] hmr update /src/pages/Lands.jsx
6:40:22 PM [vite] hmr update /src/pages/Lands.jsx
6:40:30 PM [vite] hmr update /src/pages/Lands.jsx
6:40:37 PM [vite] hmr update /src/pages/Lands.jsx
6:40:44 PM [vite] hmr update /src/pages/Lands.jsx
6:40:44 PM [vite] Internal server error: /Users/aromalkm/Downloads/Farmer-Claim-main/frontend/src/pages/Lands.jsx: Unexpected token, expected "," (360:68)

  358 |                                 <div style={{ display: 'flex', borderRadius: '8px', overflow: 'hidden', border: '1.5px solid var(--paddy-green)', marginBottom: '0.8rem' }}>
  359 |                                     {[
> 360 |                                         { key: 'place', label: '{t('searchPlace')}' },
      |                                                                     ^
  361 |                                         { key: 'manual', label: 'Enter Lat/Lng' }
  362 |                                     ].map(opt => (
  363 |                                         <button key={opt.key} type="button" onClick={() => setCoordMode(opt.key)} style={{
  Plugin: vite:react-babel
  File: /Users/aromalkm/Downloads/Farmer-Claim-main/frontend/src/pages/Lands.jsx:360:68
  358|                                  <div style={{ display: 'flex', borderRadius: '8px', overflow: 'hidden', border: '1.5px solid var(--paddy-green)', marginBottom: '0.8rem' }}>
  359|                                      {[
  360|                                          { key: 'place', label: '{t('searchPlace')}' },
     |                                                                      ^
  361|                                          { key: 'manual', label: 'Enter Lat/Lng' }
  362|                                      ].map(opt => (
      at constructor (/Users/aromalkm/Downloads/Farmer-Claim-main/frontend/node_modules/@babel/parser/lib/index.js:365:19)
      at JSXParserMixin.raise (/Users/aromalkm/Downloads/Farmer-Claim-main/frontend/node_modules/@babel/parser/lib/index.js:6599:19)
      at JSXParserMixin.unexpected (/Users/aromalkm/Downloads/Farmer-Claim-main/frontend/node_modules/@babel/parser/lib/index.js:6619:16)
      at JSXParserMixin.expect (/Users/aromalkm/Downloads/Farmer-Claim-main/frontend/node_modules/@babel/parser/lib/index.js:6899:12)
      at JSXParserMixin.parseObjectLike (/Users/aromalkm/Downloads/Farmer-Claim-main/frontend/node_modules/@babel/parser/lib/index.js:11822:14)
      at JSXParserMixin.parseExprAtom (/Users/aromalkm/Downloads/Farmer-Claim-main/frontend/node_modules/@babel/parser/lib/index.js:11339:23)
      at JSXParserMixin.parseExprAtom (/Users/aromalkm/Downloads/Farmer-Claim-main/frontend/node_modules/@babel/parser/lib/index.js:4764:20)
      at JSXParserMixin.parseExprSubscripts (/Users/aromalkm/Downloads/Farmer-Claim-main/frontend/node_modules/@babel/parser/lib/index.js:11081:23)
      at JSXParserMixin.parseUpdate (/Users/aromalkm/Downloads/Farmer-Claim-main/frontend/node_modules/@babel/parser/lib/index.js:11066:21)
      at JSXParserMixin.parseMaybeUnary (/Users/aromalkm/Downloads/Farmer-Claim-main/frontend/node_modules/@babel/parser/lib/index.js:11046:23)
      at JSXParserMixin.parseMaybeUnaryOrPrivate (/Users/aromalkm/Downloads/Farmer-Claim-main/frontend/node_modules/@babel/parser/lib/index.js:10899:61)
      at JSXParserMixin.parseExprOps (/Users/aromalkm/Downloads/Farmer-Claim-main/frontend/node_modules/@babel/parser/lib/index.js:10904:23)
      at JSXParserMixin.parseMaybeConditional (/Users/aromalkm/Downloads/Farmer-Claim-main/frontend/node_modules/@babel/parser/lib/index.js:10881:23)
      at JSXParserMixin.parseMaybeAssign (/Users/aromalkm/Downloads/Farmer-Claim-main/frontend/node_modules/@babel/parser/lib/index.js:10831:21)
      at /Users/aromalkm/Downloads/Farmer-Claim-main/frontend/node_modules/@babel/parser/lib/index.js:10800:39
      at JSXParserMixin.allowInAnd (/Users/aromalkm/Downloads/Farmer-Claim-main/frontend/node_modules/@babel/parser/lib/index.js:12426:12)
      at JSXParserMixin.parseMaybeAssignAllowIn (/Users/aromalkm/Downloads/Farmer-Claim-main/frontend/node_modules/@babel/parser/lib/index.js:10800:17)
      at JSXParserMixin.parseMaybeAssignAllowInOrVoidPattern (/Users/aromalkm/Downloads/Farmer-Claim-main/frontend/node_modules/@babel/parser/lib/index.js:12493:17)
      at JSXParserMixin.parseExprListItem (/Users/aromalkm/Downloads/Farmer-Claim-main/frontend/node_modules/@babel/parser/lib/index.js:12175:18)
      at JSXParserMixin.parseExprList (/Users/aromalkm/Downloads/Farmer-Claim-main/frontend/node_modules/@babel/parser/lib/index.js:12150:22)
      at JSXParserMixin.parseArrayLike (/Users/aromalkm/Downloads/Farmer-Claim-main/frontend/node_modules/@babel/parser/lib/index.js:12057:26)
      at JSXParserMixin.parseExprAtom (/Users/aromalkm/Downloads/Farmer-Claim-main/frontend/node_modules/@babel/parser/lib/index.js:11335:23)
      at JSXParserMixin.parseExprAtom (/Users/aromalkm/Downloads/Farmer-Claim-main/frontend/node_modules/@babel/parser/lib/index.js:4764:20)
      at JSXParserMixin.parseExprSubscripts (/Users/aromalkm/Downloads/Farmer-Claim-main/frontend/node_modules/@babel/parser/lib/index.js:11081:23)
      at JSXParserMixin.parseUpdate (/Users/aromalkm/Downloads/Farmer-Claim-main/frontend/node_modules/@babel/parser/lib/index.js:11066:21)
      at JSXParserMixin.parseMaybeUnary (/Users/aromalkm/Downloads/Farmer-Claim-main/frontend/node_modules/@babel/parser/lib/index.js:11046:23)
      at JSXParserMixin.parseMaybeUnaryOrPrivate (/Users/aromalkm/Downloads/Farmer-Claim-main/frontend/node_modules/@babel/parser/lib/index.js:10899:61)
      at JSXParserMixin.parseExprOps (/Users/aromalkm/Downloads/Farmer-Claim-main/frontend/node_modules/@babel/parser/lib/index.js:10904:23)
      at JSXParserMixin.parseMaybeConditional (/Users/aromalkm/Downloads/Farmer-Claim-main/frontend/node_modules/@babel/parser/lib/index.js:10881:23)
      at JSXParserMixin.parseMaybeAssign (/Users/aromalkm/Downloads/Farmer-Claim-main/frontend/node_modules/@babel/parser/lib/index.js:10831:21)
      at JSXParserMixin.parseExpressionBase (/Users/aromalkm/Downloads/Farmer-Claim-main/frontend/node_modules/@babel/parser/lib/index.js:10784:23)
      at /Users/aromalkm/Downloads/Farmer-Claim-main/frontend/node_modules/@babel/parser/lib/index.js:10780:39
      at JSXParserMixin.allowInAnd (/Users/aromalkm/Downloads/Farmer-Claim-main/frontend/node_modules/@babel/parser/lib/index.js:12426:12)
      at JSXParserMixin.parseExpression (/Users/aromalkm/Downloads/Farmer-Claim-main/frontend/node_modules/@babel/parser/lib/index.js:10780:17)
      at JSXParserMixin.jsxParseExpressionContainer (/Users/aromalkm/Downloads/Farmer-Claim-main/frontend/node_modules/@babel/parser/lib/index.js:4632:31)
      at JSXParserMixin.jsxParseElementAt (/Users/aromalkm/Downloads/Farmer-Claim-main/frontend/node_modules/@babel/parser/lib/index.js:4711:36)
      at JSXParserMixin.jsxParseElementAt (/Users/aromalkm/Downloads/Farmer-Claim-main/frontend/node_modules/@babel/parser/lib/index.js:4698:32)
      at JSXParserMixin.jsxParseElementAt (/Users/aromalkm/Downloads/Farmer-Claim-main/frontend/node_modules/@babel/parser/lib/index.js:4698:32)
      at JSXParserMixin.jsxParseElementAt (/Users/aromalkm/Downloads/Farmer-Claim-main/frontend/node_modules/@babel/parser/lib/index.js:4698:32)
      at JSXParserMixin.jsxParseElementAt (/Users/aromalkm/Downloads/Farmer-Claim-main/frontend/node_modules/@babel/parser/lib/index.js:4698:32)
      at JSXParserMixin.jsxParseElement (/Users/aromalkm/Downloads/Farmer-Claim-main/frontend/node_modules/@babel/parser/lib/index.js:4749:17)
      at JSXParserMixin.parseExprAtom (/Users/aromalkm/Downloads/Farmer-Claim-main/frontend/node_modules/@babel/parser/lib/index.js:4759:19)
      at JSXParserMixin.parseExprSubscripts (/Users/aromalkm/Downloads/Farmer-Claim-main/frontend/node_modules/@babel/parser/lib/index.js:11081:23)
      at JSXParserMixin.parseUpdate (/Users/aromalkm/Downloads/Farmer-Claim-main/frontend/node_modules/@babel/parser/lib/index.js:11066:21)
      at JSXParserMixin.parseMaybeUnary (/Users/aromalkm/Downloads/Farmer-Claim-main/frontend/node_modules/@babel/parser/lib/index.js:11046:23)
      at JSXParserMixin.parseMaybeUnaryOrPrivate (/Users/aromalkm/Downloads/Farmer-Claim-main/frontend/node_modules/@babel/parser/lib/index.js:10899:61)
      at JSXParserMixin.parseExprOps (/Users/aromalkm/Downloads/Farmer-Claim-main/frontend/node_modules/@babel/parser/lib/index.js:10904:23)
      at JSXParserMixin.parseMaybeConditional (/Users/aromalkm/Downloads/Farmer-Claim-main/frontend/node_modules/@babel/parser/lib/index.js:10881:23)
      at JSXParserMixin.parseMaybeAssign (/Users/aromalkm/Downloads/Farmer-Claim-main/frontend/node_modules/@babel/parser/lib/index.js:10831:21)
      at /Users/aromalkm/Downloads/Farmer-Claim-main/frontend/node_modules/@babel/parser/lib/index.js:10800:39
6:40:52 PM [vite] hmr update /src/pages/Lands.jsx
6:40:52 PM [vite] Internal server error: /Users/aromalkm/Downloads/Farmer-Claim-main/frontend/src/pages/Lands.jsx: Unexpected token, expected "," (360:68)

  358 |                                 <div style={{ display: 'flex', borderRadius: '8px', overflow: 'hidden', border: '1.5px solid var(--paddy-green)', marginBottom: '0.8rem' }}>
  359 |                                     {[
> 360 |                                         { key: 'place', label: '{t('searchPlace')}' },
      |                                                                     ^
  361 |                                         { key: 'manual', label: '{t('enterLatLng')}' }
  362 |                                     ].map(opt => (
  363 |                                         <button key={opt.key} type="button" onClick={() => setCoordMode(opt.key)} style={{
  Plugin: vite:react-babel
  File: /Users/aromalkm/Downloads/Farmer-Claim-main/frontend/src/pages/Lands.jsx:360:68
  358|                                  <div style={{ display: 'flex', borderRadius: '8px', overflow: 'hidden', border: '1.5px solid var(--paddy-green)', marginBottom: '0.8rem' }}>
  359|                                      {[
  360|                                          { key: 'place', label: '{t('searchPlace')}' },
     |                                                                      ^
  361|                                          { key: 'manual', label: '{t('enterLatLng')}' }
  362|                                      ].map(opt => (
      at constructor (/Users/aromalkm/Downloads/Farmer-Claim-main/frontend/node_modules/@babel/parser/lib/index.js:365:19)
      at JSXParserMixin.raise (/Users/aromalkm/Downloads/Farmer-Claim-main/frontend/node_modules/@babel/parser/lib/index.js:6599:19)
      at JSXParserMixin.unexpected (/Users/aromalkm/Downloads/Farmer-Claim-main/frontend/node_modules/@babel/parser/lib/index.js:6619:16)
      at JSXParserMixin.expect (/Users/aromalkm/Downloads/Farmer-Claim-main/frontend/node_modules/@babel/parser/lib/index.js:6899:12)
      at JSXParserMixin.parseObjectLike (/Users/aromalkm/Downloads/Farmer-Claim-main/frontend/node_modules/@babel/parser/lib/index.js:11822:14)
      at JSXParserMixin.parseExprAtom (/Users/aromalkm/Downloads/Farmer-Claim-main/frontend/node_modules/@babel/parser/lib/index.js:11339:23)
      at JSXParserMixin.parseExprAtom (/Users/aromalkm/Downloads/Farmer-Claim-main/frontend/node_modules/@babel/parser/lib/index.js:4764:20)
      at JSXParserMixin.parseExprSubscripts (/Users/aromalkm/Downloads/Farmer-Claim-main/frontend/node_modules/@babel/parser/lib/index.js:11081:23)
      at JSXParserMixin.parseUpdate (/Users/aromalkm/Downloads/Farmer-Claim-main/frontend/node_modules/@babel/parser/lib/index.js:11066:21)
      at JSXParserMixin.parseMaybeUnary (/Users/aromalkm/Downloads/Farmer-Claim-main/frontend/node_modules/@babel/parser/lib/index.js:11046:23)
      at JSXParserMixin.parseMaybeUnaryOrPrivate (/Users/aromalkm/Downloads/Farmer-Claim-main/frontend/node_modules/@babel/parser/lib/index.js:10899:61)
      at JSXParserMixin.parseExprOps (/Users/aromalkm/Downloads/Farmer-Claim-main/frontend/node_modules/@babel/parser/lib/index.js:10904:23)
      at JSXParserMixin.parseMaybeConditional (/Users/aromalkm/Downloads/Farmer-Claim-main/frontend/node_modules/@babel/parser/lib/index.js:10881:23)
      at JSXParserMixin.parseMaybeAssign (/Users/aromalkm/Downloads/Farmer-Claim-main/frontend/node_modules/@babel/parser/lib/index.js:10831:21)
      at /Users/aromalkm/Downloads/Farmer-Claim-main/frontend/node_modules/@babel/parser/lib/index.js:10800:39
      at JSXParserMixin.allowInAnd (/Users/aromalkm/Downloads/Farmer-Claim-main/frontend/node_modules/@babel/parser/lib/index.js:12426:12)
      at JSXParserMixin.parseMaybeAssignAllowIn (/Users/aromalkm/Downloads/Farmer-Claim-main/frontend/node_modules/@babel/parser/lib/index.js:10800:17)
      at JSXParserMixin.parseMaybeAssignAllowInOrVoidPattern (/Users/aromalkm/Downloads/Farmer-Claim-main/frontend/node_modules/@babel/parser/lib/index.js:12493:17)
      at JSXParserMixin.parseExprListItem (/Users/aromalkm/Downloads/Farmer-Claim-main/frontend/node_modules/@babel/parser/lib/index.js:12175:18)
      at JSXParserMixin.parseExprList (/Users/aromalkm/Downloads/Farmer-Claim-main/frontend/node_modules/@babel/parser/lib/index.js:12150:22)
      at JSXParserMixin.parseArrayLike (/Users/aromalkm/Downloads/Farmer-Claim-main/frontend/node_modules/@babel/parser/lib/index.js:12057:26)
      at JSXParserMixin.parseExprAtom (/Users/aromalkm/Downloads/Farmer-Claim-main/frontend/node_modules/@babel/parser/lib/index.js:11335:23)
      at JSXParserMixin.parseExprAtom (/Users/aromalkm/Downloads/Farmer-Claim-main/frontend/node_modules/@babel/parser/lib/index.js:4764:20)
      at JSXParserMixin.parseExprSubscripts (/Users/aromalkm/Downloads/Farmer-Claim-main/frontend/node_modules/@babel/parser/lib/index.js:11081:23)
      at JSXParserMixin.parseUpdate (/Users/aromalkm/Downloads/Farmer-Claim-main/frontend/node_modules/@babel/parser/lib/index.js:11066:21)
      at JSXParserMixin.parseMaybeUnary (/Users/aromalkm/Downloads/Farmer-Claim-main/frontend/node_modules/@babel/parser/lib/index.js:11046:23)
      at JSXParserMixin.parseMaybeUnaryOrPrivate (/Users/aromalkm/Downloads/Farmer-Claim-main/frontend/node_modules/@babel/parser/lib/index.js:10899:61)
      at JSXParserMixin.parseExprOps (/Users/aromalkm/Downloads/Farmer-Claim-main/frontend/node_modules/@babel/parser/lib/index.js:10904:23)
      at JSXParserMixin.parseMaybeConditional (/Users/aromalkm/Downloads/Farmer-Claim-main/frontend/node_modules/@babel/parser/lib/index.js:10881:23)
      at JSXParserMixin.parseMaybeAssign (/Users/aromalkm/Downloads/Farmer-Claim-main/frontend/node_modules/@babel/parser/lib/index.js:10831:21)
      at JSXParserMixin.parseExpressionBase (/Users/aromalkm/Downloads/Farmer-Claim-main/frontend/node_modules/@babel/parser/lib/index.js:10784:23)
      at /Users/aromalkm/Downloads/Farmer-Claim-main/frontend/node_modules/@babel/parser/lib/index.js:10780:39
      at JSXParserMixin.allowInAnd (/Users/aromalkm/Downloads/Farmer-Claim-main/frontend/node_modules/@babel/parser/lib/index.js:12426:12)
      at JSXParserMixin.parseExpression (/Users/aromalkm/Downloads/Farmer-Claim-main/frontend/node_modules/@babel/parser/lib/index.js:10780:17)
      at JSXParserMixin.jsxParseExpressionContainer (/Users/aromalkm/Downloads/Farmer-Claim-main/frontend/node_modules/@babel/parser/lib/index.js:4632:31)
      at JSXParserMixin.jsxParseElementAt (/Users/aromalkm/Downloads/Farmer-Claim-main/frontend/node_modules/@babel/parser/lib/index.js:4711:36)
      at JSXParserMixin.jsxParseElementAt (/Users/aromalkm/Downloads/Farmer-Claim-main/frontend/node_modules/@babel/parser/lib/index.js:4698:32)
      at JSXParserMixin.jsxParseElementAt (/Users/aromalkm/Downloads/Farmer-Claim-main/frontend/node_modules/@babel/parser/lib/index.js:4698:32)
      at JSXParserMixin.jsxParseElementAt (/Users/aromalkm/Downloads/Farmer-Claim-main/frontend/node_modules/@babel/parser/lib/index.js:4698:32)
      at JSXParserMixin.jsxParseElementAt (/Users/aromalkm/Downloads/Farmer-Claim-main/frontend/node_modules/@babel/parser/lib/index.js:4698:32)
      at JSXParserMixin.jsxParseElement (/Users/aromalkm/Downloads/Farmer-Claim-main/frontend/node_modules/@babel/parser/lib/index.js:4749:17)
      at JSXParserMixin.parseExprAtom (/Users/aromalkm/Downloads/Farmer-Claim-main/frontend/node_modules/@babel/parser/lib/index.js:4759:19)
      at JSXParserMixin.parseExprSubscripts (/Users/aromalkm/Downloads/Farmer-Claim-main/frontend/node_modules/@babel/parser/lib/index.js:11081:23)
      at JSXParserMixin.parseUpdate (/Users/aromalkm/Downloads/Farmer-Claim-main/frontend/node_modules/@babel/parser/lib/index.js:11066:21)
      at JSXParserMixin.parseMaybeUnary (/Users/aromalkm/Downloads/Farmer-Claim-main/frontend/node_modules/@babel/parser/lib/index.js:11046:23)
      at JSXParserMixin.parseMaybeUnaryOrPrivate (/Users/aromalkm/Downloads/Farmer-Claim-main/frontend/node_modules/@babel/parser/lib/index.js:10899:61)
      at JSXParserMixin.parseExprOps (/Users/aromalkm/Downloads/Farmer-Claim-main/frontend/node_modules/@babel/parser/lib/index.js:10904:23)
      at JSXParserMixin.parseMaybeConditional (/Users/aromalkm/Downloads/Farmer-Claim-main/frontend/node_modules/@babel/parser/lib/index.js:10881:23)
      at JSXParserMixin.parseMaybeAssign (/Users/aromalkm/Downloads/Farmer-Claim-main/frontend/node_modules/@babel/parser/lib/index.js:10831:21)
      at /Users/aromalkm/Downloads/Farmer-Claim-main/frontend/node_modules/@babel/parser/lib/index.js:10800:39
6:41:04 PM [vite] hmr update /src/pages/Lands.jsx
6:41:04 PM [vite] Internal server error: /Users/aromalkm/Downloads/Farmer-Claim-main/frontend/src/pages/Lands.jsx: Unexpected token, expected "," (360:68)

  358 |                                 <div style={{ display: 'flex', borderRadius: '8px', overflow: 'hidden', border: '1.5px solid var(--paddy-green)', marginBottom: '0.8rem' }}>
  359 |                                     {[
> 360 |                                         { key: 'place', label: '{t('searchPlace')}' },
      |                                                                     ^
  361 |                                         { key: 'manual', label: '{t('enterLatLng')}' }
  362 |                                     ].map(opt => (
  363 |                                         <button key={opt.key} type="button" onClick={() => setCoordMode(opt.key)} style={{
  Plugin: vite:react-babel
  File: /Users/aromalkm/Downloads/Farmer-Claim-main/frontend/src/pages/Lands.jsx:360:68
  358|                                  <div style={{ display: 'flex', borderRadius: '8px', overflow: 'hidden', border: '1.5px solid var(--paddy-green)', marginBottom: '0.8rem' }}>
  359|                                      {[
  360|                                          { key: 'place', label: '{t('searchPlace')}' },
     |                                                                      ^
  361|                                          { key: 'manual', label: '{t('enterLatLng')}' }
  362|                                      ].map(opt => (
      at constructor (/Users/aromalkm/Downloads/Farmer-Claim-main/frontend/node_modules/@babel/parser/lib/index.js:365:19)
      at JSXParserMixin.raise (/Users/aromalkm/Downloads/Farmer-Claim-main/frontend/node_modules/@babel/parser/lib/index.js:6599:19)
      at JSXParserMixin.unexpected (/Users/aromalkm/Downloads/Farmer-Claim-main/frontend/node_modules/@babel/parser/lib/index.js:6619:16)
      at JSXParserMixin.expect (/Users/aromalkm/Downloads/Farmer-Claim-main/frontend/node_modules/@babel/parser/lib/index.js:6899:12)
      at JSXParserMixin.parseObjectLike (/Users/aromalkm/Downloads/Farmer-Claim-main/frontend/node_modules/@babel/parser/lib/index.js:11822:14)
      at JSXParserMixin.parseExprAtom (/Users/aromalkm/Downloads/Farmer-Claim-main/frontend/node_modules/@babel/parser/lib/index.js:11339:23)
      at JSXParserMixin.parseExprAtom (/Users/aromalkm/Downloads/Farmer-Claim-main/frontend/node_modules/@babel/parser/lib/index.js:4764:20)
      at JSXParserMixin.parseExprSubscripts (/Users/aromalkm/Downloads/Farmer-Claim-main/frontend/node_modules/@babel/parser/lib/index.js:11081:23)
      at JSXParserMixin.parseUpdate (/Users/aromalkm/Downloads/Farmer-Claim-main/frontend/node_modules/@babel/parser/lib/index.js:11066:21)
      at JSXParserMixin.parseMaybeUnary (/Users/aromalkm/Downloads/Farmer-Claim-main/frontend/node_modules/@babel/parser/lib/index.js:11046:23)
      at JSXParserMixin.parseMaybeUnaryOrPrivate (/Users/aromalkm/Downloads/Farmer-Claim-main/frontend/node_modules/@babel/parser/lib/index.js:10899:61)
      at JSXParserMixin.parseExprOps (/Users/aromalkm/Downloads/Farmer-Claim-main/frontend/node_modules/@babel/parser/lib/index.js:10904:23)
      at JSXParserMixin.parseMaybeConditional (/Users/aromalkm/Downloads/Farmer-Claim-main/frontend/node_modules/@babel/parser/lib/index.js:10881:23)
      at JSXParserMixin.parseMaybeAssign (/Users/aromalkm/Downloads/Farmer-Claim-main/frontend/node_modules/@babel/parser/lib/index.js:10831:21)
      at /Users/aromalkm/Downloads/Farmer-Claim-main/frontend/node_modules/@babel/parser/lib/index.js:10800:39
      at JSXParserMixin.allowInAnd (/Users/aromalkm/Downloads/Farmer-Claim-main/frontend/node_modules/@babel/parser/lib/index.js:12426:12)
      at JSXParserMixin.parseMaybeAssignAllowIn (/Users/aromalkm/Downloads/Farmer-Claim-main/frontend/node_modules/@babel/parser/lib/index.js:10800:17)
      at JSXParserMixin.parseMaybeAssignAllowInOrVoidPattern (/Users/aromalkm/Downloads/Farmer-Claim-main/frontend/node_modules/@babel/parser/lib/index.js:12493:17)
      at JSXParserMixin.parseExprListItem (/Users/aromalkm/Downloads/Farmer-Claim-main/frontend/node_modules/@babel/parser/lib/index.js:12175:18)
      at JSXParserMixin.parseExprList (/Users/aromalkm/Downloads/Farmer-Claim-main/frontend/node_modules/@babel/parser/lib/index.js:12150:22)
      at JSXParserMixin.parseArrayLike (/Users/aromalkm/Downloads/Farmer-Claim-main/frontend/node_modules/@babel/parser/lib/index.js:12057:26)
      at JSXParserMixin.parseExprAtom (/Users/aromalkm/Downloads/Farmer-Claim-main/frontend/node_modules/@babel/parser/lib/index.js:11335:23)
      at JSXParserMixin.parseExprAtom (/Users/aromalkm/Downloads/Farmer-Claim-main/frontend/node_modules/@babel/parser/lib/index.js:4764:20)
      at JSXParserMixin.parseExprSubscripts (/Users/aromalkm/Downloads/Farmer-Claim-main/frontend/node_modules/@babel/parser/lib/index.js:11081:23)
      at JSXParserMixin.parseUpdate (/Users/aromalkm/Downloads/Farmer-Claim-main/frontend/node_modules/@babel/parser/lib/index.js:11066:21)
      at JSXParserMixin.parseMaybeUnary (/Users/aromalkm/Downloads/Farmer-Claim-main/frontend/node_modules/@babel/parser/lib/index.js:11046:23)
      at JSXParserMixin.parseMaybeUnaryOrPrivate (/Users/aromalkm/Downloads/Farmer-Claim-main/frontend/node_modules/@babel/parser/lib/index.js:10899:61)
      at JSXParserMixin.parseExprOps (/Users/aromalkm/Downloads/Farmer-Claim-main/frontend/node_modules/@babel/parser/lib/index.js:10904:23)
      at JSXParserMixin.parseMaybeConditional (/Users/aromalkm/Downloads/Farmer-Claim-main/frontend/node_modules/@babel/parser/lib/index.js:10881:23)
      at JSXParserMixin.parseMaybeAssign (/Users/aromalkm/Downloads/Farmer-Claim-main/frontend/node_modules/@babel/parser/lib/index.js:10831:21)
      at JSXParserMixin.parseExpressionBase (/Users/aromalkm/Downloads/Farmer-Claim-main/frontend/node_modules/@babel/parser/lib/index.js:10784:23)
      at /Users/aromalkm/Downloads/Farmer-Claim-main/frontend/node_modules/@babel/parser/lib/index.js:10780:39
      at JSXParserMixin.allowInAnd (/Users/aromalkm/Downloads/Farmer-Claim-main/frontend/node_modules/@babel/parser/lib/index.js:12426:12)
      at JSXParserMixin.parseExpression (/Users/aromalkm/Downloads/Farmer-Claim-main/frontend/node_modules/@babel/parser/lib/index.js:10780:17)
      at JSXParserMixin.jsxParseExpressionContainer (/Users/aromalkm/Downloads/Farmer-Claim-main/frontend/node_modules/@babel/parser/lib/index.js:4632:31)
      at JSXParserMixin.jsxParseElementAt (/Users/aromalkm/Downloads/Farmer-Claim-main/frontend/node_modules/@babel/parser/lib/index.js:4711:36)
      at JSXParserMixin.jsxParseElementAt (/Users/aromalkm/Downloads/Farmer-Claim-main/frontend/node_modules/@babel/parser/lib/index.js:4698:32)
      at JSXParserMixin.jsxParseElementAt (/Users/aromalkm/Downloads/Farmer-Claim-main/frontend/node_modules/@babel/parser/lib/index.js:4698:32)
      at JSXParserMixin.jsxParseElementAt (/Users/aromalkm/Downloads/Farmer-Claim-main/frontend/node_modules/@babel/parser/lib/index.js:4698:32)
      at JSXParserMixin.jsxParseElementAt (/Users/aromalkm/Downloads/Farmer-Claim-main/frontend/node_modules/@babel/parser/lib/index.js:4698:32)
      at JSXParserMixin.jsxParseElement (/Users/aromalkm/Downloads/Farmer-Claim-main/frontend/node_modules/@babel/parser/lib/index.js:4749:17)
      at JSXParserMixin.parseExprAtom (/Users/aromalkm/Downloads/Farmer-Claim-main/frontend/node_modules/@babel/parser/lib/index.js:4759:19)
      at JSXParserMixin.parseExprSubscripts (/Users/aromalkm/Downloads/Farmer-Claim-main/frontend/node_modules/@babel/parser/lib/index.js:11081:23)
      at JSXParserMixin.parseUpdate (/Users/aromalkm/Downloads/Farmer-Claim-main/frontend/node_modules/@babel/parser/lib/index.js:11066:21)
      at JSXParserMixin.parseMaybeUnary (/Users/aromalkm/Downloads/Farmer-Claim-main/frontend/node_modules/@babel/parser/lib/index.js:11046:23)
      at JSXParserMixin.parseMaybeUnaryOrPrivate (/Users/aromalkm/Downloads/Farmer-Claim-main/frontend/node_modules/@babel/parser/lib/index.js:10899:61)
      at JSXParserMixin.parseExprOps (/Users/aromalkm/Downloads/Farmer-Claim-main/frontend/node_modules/@babel/parser/lib/index.js:10904:23)
      at JSXParserMixin.parseMaybeConditional (/Users/aromalkm/Downloads/Farmer-Claim-main/frontend/node_modules/@babel/parser/lib/index.js:10881:23)
      at JSXParserMixin.parseMaybeAssign (/Users/aromalkm/Downloads/Farmer-Claim-main/frontend/node_modules/@babel/parser/lib/index.js:10831:21)
      at /Users/aromalkm/Downloads/Farmer-Claim-main/frontend/node_modules/@babel/parser/lib/index.js:10800:39
6:41:39 PM [vite] hmr update /src/pages/Lands.jsx
7:00:49 PM [vite] hmr update /src/pages/KeralaStats.jsx
7:01:22 PM [vite] hmr update /src/context/LanguageContext.jsx
7:01:22 PM [vite] hmr invalidate /src/context/LanguageContext.jsx Could not Fast Refresh ("useLanguage" export is incompatible). Learn more at https://github.com/vitejs/vite-plugin-react/tree/main/packages/plugin-react#consistent-components-exports
7:01:22 PM [vite] page reload src/context/LanguageContext.jsx
7:01:46 PM [vite] hmr update /src/context/LanguageContext.jsx
7:01:46 PM [vite] hmr invalidate /src/context/LanguageContext.jsx Could not Fast Refresh ("useLanguage" export is incompatible). Learn more at https://github.com/vitejs/vite-plugin-react/tree/main/packages/plugin-react#consistent-components-exports
7:01:46 PM [vite] page reload src/context/LanguageContext.jsx
7:02:00 PM [vite] hmr update /src/pages/KeralaStats.jsx
7:02:08 PM [vite] hmr update /src/pages/KeralaStats.jsx
7:34:25 PM [vite] hmr update /src/pages/KeralaStats.jsx
7:34:35 PM [vite] hmr update /src/pages/KeralaStats.jsx
7:34:42 PM [vite] hmr update /src/pages/KeralaStats.jsx
7:34:50 PM [vite] hmr update /src/pages/KeralaStats.jsx
7:34:58 PM [vite] hmr update /src/pages/KeralaStats.jsx
7:35:12 PM [vite] hmr update /src/pages/KeralaStats.jsx
7:35:21 PM [vite] hmr update /src/pages/KeralaStats.jsx
7:35:30 PM [vite] hmr update /src/pages/KeralaStats.jsx
7:35:40 PM [vite] hmr update /src/pages/KeralaStats.jsx
7:38:06 PM [vite] hmr update /src/components/Navbar.jsx
7:38:24 PM [vite] hmr update /src/context/LanguageContext.jsx
7:38:24 PM [vite] hmr invalidate /src/context/LanguageContext.jsx Could not Fast Refresh ("useLanguage" export is incompatible). Learn more at https://github.com/vitejs/vite-plugin-react/tree/main/packages/plugin-react#consistent-components-exports
7:38:24 PM [vite] page reload src/context/LanguageContext.jsx
7:38:33 PM [vite] hmr update /src/context/LanguageContext.jsx
7:38:33 PM [vite] hmr invalidate /src/context/LanguageContext.jsx Could not Fast Refresh ("useLanguage" export is incompatible). Learn more at https://github.com/vitejs/vite-plugin-react/tree/main/packages/plugin-react#consistent-components-exports
7:38:33 PM [vite] page reload src/context/LanguageContext.jsx
10:01:17 AM [vite] vite.config.js changed, restarting server...
Re-optimizing dependencies because lockfile has changed
10:01:17 AM [vite] server restarted.
10:01:45 AM [vite] page reload index.html
10:01:52 AM [vite] vite.config.js changed, restarting server...
10:01:52 AM [vite] server restarted.
10:12:26 AM [vite] page reload index.html
10:12:48 AM [vite] page reload index.html
10:18:19 AM [vite] page reload index.html
10:18:41 AM [vite] page reload index.html
10:33:54 AM [vite] page reload index.html
5:26:15 PM [vite] hmr update /src/pages/Register.jsx
5:26:23 PM [vite] hmr update /src/pages/Register.jsx
5:26:36 PM [vite] hmr update /src/pages/Register.jsx
5:27:05 PM [vite] hmr update /src/pages/Register.jsx
5:27:29 PM [vite] hmr update /src/pages/Register.jsx
5:50:54 PM [vite] hmr update /src/pages/Register.jsx
5:51:10 PM [vite] hmr update /src/pages/Register.jsx
6:04:52 PM [vite] hmr update /src/pages/Profile.jsx
6:05:00 PM [vite] hmr update /src/pages/Profile.jsx
6:05:27 PM [vite] hmr update /src/pages/Profile.jsx
6:08:45 PM [vite] hmr update /src/pages/Profile.jsx
6:14:22 PM [vite] hmr update /src/pages/Profile.jsx
6:22:02 PM [vite] hmr update /src/pages/Login.jsx, /src/pages/Register.jsx, /src/pages/Claims.jsx, /src/pages/KeralaStats.jsx, /src/pages/Home.jsx, /src/pages/Lands.jsx, /src/pages/Upload.jsx, /src/pages/Profile.jsx, /src/pages/AdminDashboard.jsx
6:22:12 PM [vite] hmr update /src/pages/Profile.jsx
6:22:21 PM [vite] hmr update /src/pages/Profile.jsx
6:22:32 PM [vite] hmr update /src/pages/Profile.jsx
6:23:17 PM [vite] hmr update /src/pages/Profile.jsx
